[2015.09.22-02.34.47:483][  0]Log file open, 09/21/15 22:34:47
[2015.09.22-02.34.47:483][  0]LogInit:Display: Running engine for game: TrialThirdPerson
[2015.09.22-02.34.47:483][  0]LogInit:Display: RandInit(113082352) SRandInit(113082353).
[2015.09.22-02.34.47:483][  0]LogTaskGraph: Started task graph with 4 named threads and 7 total threads.
[2015.09.22-02.34.47:483][  0]LogStats: Stats thread started at 3.472221
[2015.09.22-02.34.47:483][  0]LogInit: Version: 4.9.1-2689999+++depot+UE4-Releases+4.9
[2015.09.22-02.34.47:483][  0]LogInit: API Version: 2672455
[2015.09.22-02.34.47:483][  0]LogInit: Compiled (64-bit): Sep 14 2015 04:12:03
[2015.09.22-02.34.47:483][  0]LogInit: Compiled with Visual C++: 18.00.21005.01
[2015.09.22-02.34.47:483][  0]LogInit: Build Configuration: Development
[2015.09.22-02.34.47:483][  0]LogInit: Branch Name: ++depot+UE4-Releases+4.9
[2015.09.22-02.34.47:483][  0]LogInit: Command line:  
[2015.09.22-02.34.47:483][  0]LogInit: Base directory: D:/Program Files (x86)/Epic Games/4.9/Engine/Binaries/Win64/
[2015.09.22-02.34.47:483][  0]LogInit: Rocket: 1
[2015.09.22-02.34.47:558][  0]LogInit: Using libcurl 7.41.0
[2015.09.22-02.34.47:558][  0]LogInit:  - built for x86_64-pc-win32
[2015.09.22-02.34.47:558][  0]LogInit:  - supports SSL with WinSSL
[2015.09.22-02.34.47:558][  0]LogInit:  - other features:
[2015.09.22-02.34.47:558][  0]LogInit:      CURL_VERSION_SSL
[2015.09.22-02.34.47:558][  0]LogInit:      CURL_VERSION_IPV6
[2015.09.22-02.34.47:558][  0]LogInit:      CURL_VERSION_ASYNCHDNS
[2015.09.22-02.34.47:558][  0]LogInit:      CURL_VERSION_LARGEFILE
[2015.09.22-02.34.47:558][  0]LogInit:      CURL_VERSION_IDN
[2015.09.22-02.34.47:559][  0]LogInit:  CurlRequestOptions (configurable via config and command line):
[2015.09.22-02.34.47:559][  0]LogInit:  - bVerifyPeer = true  - Libcurl will verify peer certificate
[2015.09.22-02.34.47:559][  0]LogInit:  - bUseHttpProxy = false  - Libcurl will NOT use HTTP proxy
[2015.09.22-02.34.47:559][  0]LogInit:  - bDontReuseConnections = false  - Libcurl will reuse connections
[2015.09.22-02.34.47:559][  0]LogInit:  - CertBundlePath = nullptr  - Libcurl will use whatever was configured at build time.
[2015.09.22-02.34.47:801][  0]LogInit: Presizing for 0 objects not considered by GC, pre-allocating 0 bytes.
[2015.09.22-02.34.47:980][  0]LogInit: Object subsystem initialized
[2015.09.22-02.34.48:145][  0]LogInit: Selected Device Profile: [Windows]
[2015.09.22-02.34.48:145][  0]LogInit: Applying CVar settings loaded from the selected device profile: [Windows]
[2015.09.22-02.34.48:249][  0]LogInit: Computer: DIGITALSTORM-PC
[2015.09.22-02.34.48:249][  0]LogInit: User: Juan
[2015.09.22-02.34.48:249][  0]LogInit: CPU Page size=4096, Cores=4
[2015.09.22-02.34.48:252][  0]LogInit: High frequency timer resolution =3.507503 MHz
[2015.09.22-02.34.48:258][  0]LogMemory: Memory total: Physical=8.0GB (8GB approx)
[2015.09.22-02.34.48:261][  0]LogMemory: Platform Memory Stats for Windows
[2015.09.22-02.34.48:261][  0]LogMemory: Process Physical Memory: 56.28 MB used, 56.28 MB peak
[2015.09.22-02.34.48:261][  0]LogMemory: Process Virtual Memory: 57.10 MB used, 57.10 MB peak
[2015.09.22-02.34.48:261][  0]LogMemory: Physical Memory: 5269.56 MB used, 8149.59 MB total
[2015.09.22-02.34.48:261][  0]LogMemory: Virtual Memory: 356.21 MB used, 134217728.00 MB total
[2015.09.22-02.34.49:186][  0]LogTextLocalizationManager: No specific translations for ('en-US') exist, so ('en') translations will be used.
[2015.09.22-02.34.50:506][  0]LogD3D11RHI: Found D3D11 adapter 0: NVIDIA GeForce GTX 980M        (Feature Level 11_0)
[2015.09.22-02.34.50:506][  0]LogD3D11RHI: Adapter has 8039MB of dedicated video memory, 0MB of dedicated system memory, and 4074MB of shared system memory, 2 output[s]
[2015.09.22-02.34.50:510][  0]LogD3D11RHI: Found D3D11 adapter 1: Microsoft Basic Render Driver (Feature Level 11_0)
[2015.09.22-02.34.50:510][  0]LogD3D11RHI: Adapter has 0MB of dedicated video memory, 0MB of dedicated system memory, and 256MB of shared system memory, 0 output[s]
[2015.09.22-02.34.50:510][  0]LogD3D11RHI: Chosen D3D11 Adapter Id = 0
[2015.09.22-02.34.50:526][  0]LogD3D11RHI: !Direct3DDevice
[2015.09.22-02.34.50:526][  0]LogRHI: Texture pool is 1361 MB (70% of 1945 MB)
[2015.09.22-02.34.50:538][  0]LogD3D11RHI: Async texture creation enabled
[2015.09.22-02.34.50:861][  0]LogShaderCompilers: Guid format shader working directory is 14 characters bigger than the processId version (../../../../../../Juan F Alfaro's Files/Documents/GitHub/Game-Design/TrialThirdPerson/Intermediate/Shaders/WorkingDirectory/10808/).
[2015.09.22-02.34.50:861][  0]LogShaderCompilers: Cleaned the shader compiler working directory '../../../../../../Juan F Alfaro's Files/Documents/GitHub/Game-Design/TrialThirdPerson/Intermediate/Shaders/tmp/537F4AB04B9C8217550CA5ADC6235FF3/'.
[2015.09.22-02.34.50:871][  0]LogShaderCompilers:Display: Using Local Shader Compiler.
[2015.09.22-02.34.53:604][  0]LogTemp:Display: Loaded TP AllDesktopTargetPlatform
[2015.09.22-02.34.53:610][  0]LogTemp:Display: Loaded TP WindowsClientTargetPlatform
[2015.09.22-02.34.53:616][  0]LogTemp:Display: Loaded TP WindowsNoEditorTargetPlatform
[2015.09.22-02.34.53:621][  0]LogTemp:Display: Loaded TP WindowsServerTargetPlatform
[2015.09.22-02.34.53:627][  0]LogTemp:Display: Loaded TP WindowsTargetPlatform
[2015.09.22-02.34.53:633][  0]LogTemp:Display: Loaded TP AndroidTargetPlatform
[2015.09.22-02.34.53:638][  0]LogTemp:Display: Loaded TP Android_ASTCTargetPlatform
[2015.09.22-02.34.53:643][  0]LogTemp:Display: Loaded TP Android_ATCTargetPlatform
[2015.09.22-02.34.53:647][  0]LogTemp:Display: Loaded TP Android_DXTTargetPlatform
[2015.09.22-02.34.53:653][  0]LogTemp:Display: Loaded TP Android_ETC1TargetPlatform
[2015.09.22-02.34.53:657][  0]LogTemp:Display: Loaded TP Android_ETC2TargetPlatform
[2015.09.22-02.34.53:662][  0]LogTemp:Display: Loaded TP Android_PVRTCTargetPlatform
[2015.09.22-02.34.53:665][  0]LogTemp:Display: Loaded TP HTML5TargetPlatform
[2015.09.22-02.34.53:740][  0]LogTemp:Display: Loaded TP IOSTargetPlatform
[2015.09.22-02.34.53:745][  0]LogTemp:Display: Loaded TP LinuxNoEditorTargetPlatform
[2015.09.22-02.34.53:750][  0]LogTemp:Display: Loaded TP LinuxServerTargetPlatform
[2015.09.22-02.34.53:757][  0]LogTemp:Display: Loaded TP LinuxTargetPlatform
[2015.09.22-02.34.53:757][  0]LogTargetPlatformManager:Display: Building Assets For Windows
[2015.09.22-02.34.54:277][  0]LogDerivedDataCache:Display: Max Cache Size: 512 MB
[2015.09.22-02.34.54:424][  0]LogDerivedDataCache: Loaded boot cache 0.15s 41MB C:/Users/Juan/AppData/Local/UnrealEngine/4.9/DerivedDataCache/Boot.ddc.
[2015.09.22-02.34.54:424][  0]LogDerivedDataCache:Display: Loaded Boot cache: C:/Users/Juan/AppData/Local/UnrealEngine/4.9/DerivedDataCache/Boot.ddc
[2015.09.22-02.34.54:424][  0]LogDerivedDataCache: FDerivedDataBackendGraph:  Pak pak cache file ../../../../../../Juan F Alfaro's Files/Documents/GitHub/Game-Design/TrialThirdPerson/DerivedDataCache/DDC.ddp not found, will not use a pak cache.
[2015.09.22-02.34.54:424][  0]LogDerivedDataCache: Unable to find inner node Pak for hierarchical cache Hierarchy.
[2015.09.22-02.34.54:424][  0]LogDerivedDataCache: FDerivedDataBackendGraph:  CompressedPak pak cache file ../../../../../../Juan F Alfaro's Files/Documents/GitHub/Game-Design/TrialThirdPerson/DerivedDataCache/Compressed.ddp not found, will not use a pak cache.
[2015.09.22-02.34.54:424][  0]LogDerivedDataCache: Unable to find inner node CompressedPak for hierarchical cache Hierarchy.
[2015.09.22-02.34.54:584][  0]LogDerivedDataCache:Display: Pak cache opened for reading ../../../Engine/DerivedDataCache/Compressed.ddp.
[2015.09.22-02.34.54:596][  0]LogDerivedDataCache: Using Local data cache path C:/Users/Juan/AppData/Local/UnrealEngine/Common/DerivedDataCache: Writable
[2015.09.22-02.35.00:767][  0]LogInit: Selected Device Profile: [Windows]
[2015.09.22-02.35.00:859][  0]LogContentStreaming: Texture pool size is 0.000000MB
[2015.09.22-02.35.02:155][  0]LogMeshUtilities: No automatic mesh reduction module available
[2015.09.22-02.35.02:155][  0]LogMeshUtilities: No automatic mesh merging module available
[2015.09.22-02.35.04:983][  0]LogInit: WinSock: version 1.1 (2.2), MaxSocks=32767, MaxUdp=65467
[2015.09.22-02.35.12:330][  0]UdpMessaging: Initializing bridge on interface 0.0.0.0:0 to multicast group 230.0.0.1:6666.
[2015.09.22-02.35.13:264][  0]LogAssetRegistry: FAssetRegistry took 0.0138 seconds to start up
[2015.09.22-02.35.15:108][  0]SourceControl: Info Source control is disabled
[2015.09.22-02.35.15:232][  0]SourceControl: Info Source control is disabled
[2015.09.22-02.35.15:327][  0]SourceControl: Info Source control is disabled
[2015.09.22-02.35.15:377][  0]SourceControl: Info Source control is disabled
[2015.09.22-02.35.16:013][  0]LogLinker:Warning: Asset '../../../Engine/Plugins/Runtime/LeapMotionController/Content/LM_PassthroughMaterial.uasset' has been saved with empty engine version. The asset will be loaded but may be incompatible.
[2015.09.22-02.35.16:279][  0]LogObj: 28361 objects as part of root set at end of initial load.
[2015.09.22-02.35.16:279][  0]LogUObjectAllocator: 6038864 out of 0 bytes used by permanent object pool.
[2015.09.22-02.35.16:971][  0]LogEngine: Initializing Engine...
[2015.09.22-02.35.16:993][  0]LogHMD: Can't find Oculus library dev build: is proper Runtime installed? Version: 0.7.0.0
[2015.09.22-02.35.17:219][  0]LogHMD: SteamVR failed to initialize.  Err: 108
[2015.09.22-02.35.18:342][  0]LogAIModule: Creating AISystem for world NewWorld
[2015.09.22-02.35.18:658][  0]LogInit: XAudio2 using 'BBY LCDTV-D-8 (NVIDIA High Definition Audio)' : 2 channels at 48 kHz using 16 bits per sample (channel mask 0x3)
[2015.09.22-02.35.19:108][  0]LogInit: FAudioDevice initialized.
[2015.09.22-02.35.19:130][  0]LogDerivedDataCache: Saved boot cache 0.02s 41MB C:/Users/Juan/AppData/Local/UnrealEngine/4.9/DerivedDataCache/Boot.ddc.
[2015.09.22-02.35.19:142][  0]LogInit: Texture streaming: Enabled
[2015.09.22-02.35.19:212][  0]LogAnalytics: Creating configured Analytics provider AnalyticsET
[2015.09.22-02.35.19:217][  0]LogAnalytics: [UEEditor.Rocket.Release] APIServer = http://et2.epicgames.com/ET2/. AppVersion = 4.9.1-2689999+++depot+UE4-Releases+4.9
[2015.09.22-02.35.19:218][  0]LogAnalytics: [UEEditor.Rocket.Release] SetUserId 4fcf2e6d423318eb84d875aeedcf0c29|f065cbf8b7a54d00b7376f0c3d74a841|58e978da-554e-469a-ae52-f26f05087483
[2015.09.22-02.35.19:231][  0]LogAnalytics: [UEEditor.Rocket.Release] AnalyticsET::StartSession
[2015.09.22-02.35.19:645][  0]LogInit: Transaction tracking system initialized
[2015.09.22-02.35.20:222][  0]BlueprintLog: New page: Editor Load
[2015.09.22-02.35.23:668][  0]LocalizationService: Info Localization service is disabled
[2015.09.22-02.35.26:254][  0]LogConsoleResponse:Display: 
[2015.09.22-02.35.29:508][  0]LogFileCache: Scanning file cache for directory 'D:/Juan F Alfaro's Files/Documents/GitHub/Game-Design/TrialThirdPerson/Content/' took 0.04s
[2015.09.22-02.35.29:508][  0]LogCook:Display: Done creating registry. It took  0.00s.
[2015.09.22-02.35.30:256][  0]SourceControl: Info Source control is disabled
[2015.09.22-02.35.30:306][  0]Cmd: MAP LOAD FILE="../../../../../../Juan F Alfaro's Files/Documents/GitHub/Game-Design/TrialThirdPerson/Content/StarterContent/Maps/Minimal_Default.umap" TEMPLATE=0 SHOWPROGRESS=1 FEATURELEVEL=3
[2015.09.22-02.35.30:390][  0]LightingResults: New page: Lighting Build
[2015.09.22-02.35.30:545][  0]MapCheck: New page: Map Check
[2015.09.22-02.35.30:545][  0]LightingResults: New page: Lighting Build
[2015.09.22-02.35.30:975][  0]LogParticles: Destroying 0 GPU particle simulations for FXSystem 0x000000C533B96160
[2015.09.22-02.35.35:841][  0]LogAIModule: Creating AISystem for world Minimal_Default
[2015.09.22-02.35.36:598][  0]LogEditorServer: Finished looking for orphan Actors (0.006 secs)
[2015.09.22-02.35.36:663][  0]Cmd: MAP CHECKDEP NOCLEARLOG
[2015.09.22-02.35.36:734][  0]MapCheck: Info Map check complete: 0 Error(s), 0 Warning(s), took 70.971ms to complete.
[2015.09.22-02.35.36:745][  0]LogFileHelpers: Loading map 'Minimal_Default' took 6.462
[2015.09.22-02.35.38:361][  0]LogCollectionManager: Loaded 0 collections in 0.001387 seconds
[2015.09.22-02.35.38:467][  0]LogFileCache: Scanning file cache for directory 'D:/Juan F Alfaro's Files/Documents/GitHub/Game-Design/TrialThirdPerson/Saved/Collections/' took 0.01s
[2015.09.22-02.35.38:467][  0]LogFileCache: Scanning file cache for directory 'D:/Juan F Alfaro's Files/Documents/GitHub/Game-Design/TrialThirdPerson/Content/Developers/Juan/Collections/' took 0.01s
[2015.09.22-02.35.38:467][  0]LogFileCache: Scanning file cache for directory 'D:/Juan F Alfaro's Files/Documents/GitHub/Game-Design/TrialThirdPerson/Content/Collections/' took 0.01s
[2015.09.22-02.35.38:467][  0]LogContentBrowser: Native class hierarchy populated in 0.0187 seconds. Added 1867 classes and 333 folders.
[2015.09.22-02.35.38:538][  0]LogCollectionManager: Rebuilt the GUID cache for 0 collections in 0.000003 seconds
[2015.09.22-02.35.38:678][  0]LogContentBrowser: Native class hierarchy updated for 'WidgetCarousel' in 0.0003 seconds. Added 0 classes and 0 folders.
[2015.09.22-02.35.39:280][  0]LogContentBrowser: Native class hierarchy updated for 'AddContentDialog' in 0.0003 seconds. Added 0 classes and 0 folders.
[2015.09.22-02.35.39:359][  0]LogContentBrowser: Native class hierarchy updated for 'SceneOutliner' in 0.0003 seconds. Added 1 classes and 2 folders.
[2015.09.22-02.35.39:932][  0]LogCrashTracker: Crashtracker disabled due to settings.
[2015.09.22-02.35.40:137][  0]LogUObjectGlobals:Warning: Failed to find object 'Class None.'
[2015.09.22-02.35.40:224][  0]LogLoad: Full Startup: 58.24 seconds (BP compile: 1.01 seconds)
[2015.09.22-02.35.40:953][  0]LogContentStreaming: Texture pool size now 400 MB
[2015.09.22-02.35.41:684][  0]LogRenderer: Reallocating scene render targets to support 1208x576 (Frame:2).
[2015.09.22-02.35.43:355][  6]LogAssetRegistry: Asset discovery search completed in 30.1015 seconds
[2015.09.22-02.35.43:355][  6]LogCollectionManager: Rebuilt the object cache for 0 collections in 0.000001 seconds (found 0 objects)
[2015.09.22-02.35.43:355][  6]LogCollectionManager: Fixed up redirectors for 0 collections in 0.000545 seconds (updated 0 objects)
[2015.09.22-02.35.55:243][660]LogActorComponent: UnregisterComponent: (/Engine/Transient.CharMoveComp) Not registered. Aborting.
[2015.09.22-02.35.55:842][660]LogSavePackage: Save=331.870575ms
[2015.09.22-02.35.55:842][660]LogSavePackage: Moving '../../../../../../Juan F Alfaro's Files/Documents/GitHub/Game-Design/TrialThirdPerson/Saved/Minimal_Default9126AD75468C97BB337B77BB0D9E1F12.tmp' to '../../../../../../Juan F Alfaro's Files/Documents/GitHub/Game-Design/TrialThirdPerson/Content/StarterContent/Maps/Minimal_Default.umap'
[2015.09.22-02.35.55:848][660]LogSavePackage: Total save time: 378.098037ms
[2015.09.22-02.35.55:848][660]LogSavePackage:Warning: Finished SavePackage ../../../../../../Juan F Alfaro's Files/Documents/GitHub/Game-Design/TrialThirdPerson/Content/StarterContent/Maps/Minimal_Default.umap
[2015.09.22-02.35.57:728][758]LogWindowsTextInputMethodSystem:Display: IME system now deactivated.
[2015.09.22-02.35.58:423][759]Cmd: QUIT_EDITOR
[2015.09.22-02.35.58:810][759]LogExit: Preparing to exit.
[2015.09.22-02.35.59:846][759]LogExit: Editor shut down
[2015.09.22-02.35.59:846][759]LogExit: Transaction tracking system shut down
[2015.09.22-02.35.59:879][759]LogParticles: Destroying 0 GPU particle simulations for FXSystem 0x000000C53589B880
[2015.09.22-02.35.59:879][759]LogParticles: Destroying 0 GPU particle simulations for FXSystem 0x000000C53AA77B00
[2015.09.22-02.35.59:879][759]LogParticles: Destroying 0 GPU particle simulations for FXSystem 0x000000C53A9E4A40
[2015.09.22-02.35.59:879][759]LogParticles: Destroying 0 GPU particle simulations for FXSystem 0x000000C53C227740
[2015.09.22-02.35.59:879][759]LogParticles: Destroying 0 GPU particle simulations for FXSystem 0x000000C53C227560
[2015.09.22-02.35.59:879][759]LogParticles: Destroying 0 GPU particle simulations for FXSystem 0x000000C53A850E00
[2015.09.22-02.35.59:879][759]LogParticles: Destroying 0 GPU particle simulations for FXSystem 0x000000C535B179C0
[2015.09.22-02.36.00:944][759]LogParticles: Destroying 0 GPU particle simulations for FXSystem 0x000000C535B17560
[2015.09.22-02.36.00:944][759]LogExit: Object subsystem successfully closed.
[2015.09.22-02.36.01:126][759]LogD3D11RHI: Shutdown
[2015.09.22-02.36.01:126][759]LogD3D11RHI: CleanupD3DDevice
[2015.09.22-02.36.01:178][759]LogD3D11RHI: ~FD3D11DynamicRHI
[2015.09.22-02.36.01:796][759]LogModuleManager: Shutting down and abandoning module CrashTracker (197)
[2015.09.22-02.36.01:796][759]LogModuleManager: Shutting down and abandoning module SceneOutliner (196)
[2015.09.22-02.36.01:807][759]LogModuleManager: Shutting down and abandoning module SuperSearch (195)
[2015.09.22-02.36.01:807][759]LogModuleManager: Shutting down and abandoning module WidgetCarousel (194)
[2015.09.22-02.36.01:807][759]LogModuleManager: Shutting down and abandoning module AddContentDialog (193)
[2015.09.22-02.36.01:817][759]LogModuleManager: Shutting down and abandoning module EditorWidgets (192)
[2015.09.22-02.36.01:817][759]LogModuleManager: Shutting down and abandoning module CollectionManager (191)
[2015.09.22-02.36.01:822][759]LogModuleManager: Shutting down and abandoning module StatsViewer (190)
[2015.09.22-02.36.01:836][759]LogModuleManager: Shutting down and abandoning module FoliageEdit (189)
[2015.09.22-02.36.01:844][759]LogModuleManager: Shutting down and abandoning module LandscapeEditor (188)
[2015.09.22-02.36.01:859][759]LogModuleManager: Shutting down and abandoning module ActorPickerMode (187)
[2015.09.22-02.36.01:859][759]LogModuleManager: Shutting down and abandoning module GeometryMode (186)
[2015.09.22-02.36.01:859][759]LogModuleManager: Shutting down and abandoning module TextureAlignMode (185)
[2015.09.22-02.36.01:859][759]LogModuleManager: Shutting down and abandoning module BspMode (184)
[2015.09.22-02.36.01:859][759]LogModuleManager: Shutting down and abandoning module PlacementMode (183)
[2015.09.22-02.36.01:859][759]LogModuleManager: Shutting down and abandoning module AutomationWorker (182)
[2015.09.22-02.36.01:870][759]LogModuleManager: Shutting down and abandoning module CharacterAI (181)
[2015.09.22-02.36.01:870][759]LogModuleManager: Shutting down and abandoning module SmartSnapping (180)
[2015.09.22-02.36.01:870][759]LogModuleManager: Shutting down and abandoning module ViewportSnapping (179)
[2015.09.22-02.36.01:870][759]LogModuleManager: Shutting down and abandoning module LogVisualizer (178)
[2015.09.22-02.36.01:894][759]LogModuleManager: Shutting down and abandoning module GameProjectGeneration (177)
[2015.09.22-02.36.01:902][759]LogModuleManager: Shutting down and abandoning module IntroTutorials (176)
[2015.09.22-02.36.01:921][759]LogModuleManager: Shutting down and abandoning module EditorLiveStreaming (175)
[2015.09.22-02.36.01:921][759]LogModuleManager: Shutting down and abandoning module IOSPlatformEditor (174)
[2015.09.22-02.36.01:932][759]LogModuleManager: Shutting down and abandoning module HTML5PlatformEditor (173)
[2015.09.22-02.36.01:932][759]LogModuleManager: Shutting down and abandoning module AndroidDeviceDetection (172)
[2015.09.22-02.36.02:452][759]LogModuleManager: Shutting down and abandoning module AndroidPlatformEditor (171)
[2015.09.22-02.36.02:452][759]LogModuleManager: Shutting down and abandoning module IOSRuntimeSettings (170)
[2015.09.22-02.36.02:452][759]LogModuleManager: Shutting down and abandoning module AndroidRuntimeSettings (169)
[2015.09.22-02.36.02:452][759]LogModuleManager: Shutting down and abandoning module MergeActors (168)
[2015.09.22-02.36.02:464][759]LogModuleManager: Shutting down and abandoning module SizeMap (167)
[2015.09.22-02.36.02:464][759]LogModuleManager: Shutting down and abandoning module TreeMap (166)
[2015.09.22-02.36.02:475][759]LogModuleManager: Shutting down and abandoning module ReferenceViewer (165)
[2015.09.22-02.36.02:475][759]LogModuleManager: Shutting down and abandoning module LocalizationService (164)
[2015.09.22-02.36.02:483][759]LogModuleManager: Shutting down and abandoning module LocalizationDashboard (163)
[2015.09.22-02.36.02:488][759]LogModuleManager: Shutting down and abandoning module HardwareTargeting (162)
[2015.09.22-02.36.02:488][759]LogModuleManager: Shutting down and abandoning module DeviceProfileEditor (161)
[2015.09.22-02.36.02:488][759]LogModuleManager: Shutting down and abandoning module UndoHistory (160)
[2015.09.22-02.36.02:496][759]LogModuleManager: Shutting down and abandoning module GameplayTagsEditor (159)
[2015.09.22-02.36.02:496][759]LogModuleManager: Shutting down and abandoning module UserFeedback (158)
[2015.09.22-02.36.02:496][759]LogModuleManager: Shutting down and abandoning module XmlParser (157)
[2015.09.22-02.36.02:496][759]LogModuleManager: Shutting down and abandoning module Blutility (156)
[2015.09.22-02.36.02:496][759]LogModuleManager: Shutting down and abandoning module ProjectTargetPlatformEditor (155)
[2015.09.22-02.36.02:503][759]LogModuleManager: Shutting down and abandoning module ProjectSettingsViewer (154)
[2015.09.22-02.36.02:503][759]LogModuleManager: Shutting down and abandoning module InputBindingEditor (153)
[2015.09.22-02.36.02:525][759]LogModuleManager: Shutting down and abandoning module EditorSettingsViewer (152)
[2015.09.22-02.36.02:525][759]LogModuleManager: Shutting down and abandoning module SettingsEditor (151)
[2015.09.22-02.36.02:545][759]LogModuleManager: Shutting down and abandoning module ProjectLauncher (150)
[2015.09.22-02.36.02:560][759]LogModuleManager: Shutting down and abandoning module SessionFrontend (149)
[2015.09.22-02.36.02:564][759]LogModuleManager: Shutting down and abandoning module ProfilerClient (148)
[2015.09.22-02.36.02:574][759]LogModuleManager: Shutting down and abandoning module TargetDeviceServices (147)
[2015.09.22-02.36.02:579][759]LogModuleManager: Shutting down and abandoning module DeviceManager (146)
[2015.09.22-02.36.02:586][759]LogModuleManager: Shutting down and abandoning module AutomationController (145)
[2015.09.22-02.36.02:593][759]LogModuleManager: Shutting down and abandoning module AutomationWindow (144)
[2015.09.22-02.36.02:603][759]LogModuleManager: Shutting down and abandoning module Layers (143)
[2015.09.22-02.36.02:621][759]LogModuleManager: Shutting down and abandoning module ComponentVisualizers (142)
[2015.09.22-02.36.02:621][759]LogModuleManager: Shutting down and abandoning module DetailCustomizations (141)
[2015.09.22-02.36.02:639][759]LogModuleManager: Shutting down and abandoning module PackagesDialog (140)
[2015.09.22-02.36.02:639][759]LogModuleManager: Shutting down and abandoning module Persona (139)
[2015.09.22-02.36.02:665][759]LogModuleManager: Shutting down and abandoning module Kismet (138)
[2015.09.22-02.36.02:677][759]LogModuleManager: Shutting down and abandoning module GraphEditor (137)
[2015.09.22-02.36.02:740][759]LogModuleManager: Shutting down and abandoning module ClassViewer (136)
[2015.09.22-02.36.02:752][759]LogModuleManager: Shutting down and abandoning module Toolbox (135)
[2015.09.22-02.36.02:752][759]LogModuleManager: Shutting down and abandoning module ModuleUI (134)
[2015.09.22-02.36.02:757][759]LogModuleManager: Shutting down and abandoning module MovieSceneTools (133)
[2015.09.22-02.36.02:757][759]LogModuleManager: Shutting down and abandoning module OutputLog (132)
[2015.09.22-02.36.02:765][759]LogModuleManager: Shutting down and abandoning module GammaUI (131)
[2015.09.22-02.36.02:771][759]LogModuleManager: Shutting down and abandoning module Documentation (130)
[2015.09.22-02.36.02:777][759]LogModuleManager: Shutting down and abandoning module GameLiveStreaming (129)
[2015.09.22-02.36.02:786][759]LogModuleManager: Shutting down and abandoning module StreamingPauseRendering (128)
[2015.09.22-02.36.02:786][759]LogModuleManager: Shutting down and abandoning module AnalyticsET (127)
[2015.09.22-02.36.02:786][759]LogModuleManager: Shutting down and abandoning module Analytics (126)
[2015.09.22-02.36.02:786][759]LogModuleManager: Shutting down and abandoning module AITestSuite (125)
[2015.09.22-02.36.02:795][759]LogModuleManager: Shutting down and abandoning module GameplayDebugger (124)
[2015.09.22-02.36.02:795][759]LogModuleManager: Shutting down and abandoning module AIModule (123)
[2015.09.22-02.36.02:803][759]LogModuleManager: Shutting down and abandoning module ProfilerService (122)
[2015.09.22-02.36.02:886][759]LogModuleManager: Shutting down and abandoning module TaskGraph (121)
[2015.09.22-02.36.02:900][759]LogModuleManager: Shutting down and abandoning module SlateRemote (120)
[2015.09.22-02.36.02:901][759]LogModuleManager: Shutting down and abandoning module SteamVRController (119)
[2015.09.22-02.36.02:901][759]LogModuleManager: Shutting down and abandoning module SteamVR (118)
[2015.09.22-02.36.02:901][759]LogModuleManager: Shutting down and abandoning module ProceduralMeshComponent (117)
[2015.09.22-02.36.02:901][759]LogModuleManager: Shutting down and abandoning module OculusRift (116)
[2015.09.22-02.36.02:901][759]LogModuleManager: Shutting down and abandoning module OculusLibrary (115)
[2015.09.22-02.36.02:901][759]LogModuleManager: Shutting down and abandoning module LeapMotionController (114)
[2015.09.22-02.36.02:938][759]LogModuleManager: Shutting down and abandoning module CustomMeshComponent (113)
[2015.09.22-02.36.02:944][759]LogModuleManager: Shutting down and abandoning module CableComponent (112)
[2015.09.22-02.36.02:944][759]LogModuleManager: Shutting down and abandoning module ArchVisCharacter (111)
[2015.09.22-02.36.02:944][759]LogModuleManager: Shutting down and abandoning module MessagingDebugger (110)
[2015.09.22-02.36.02:962][759]LogModuleManager: Shutting down and abandoning module MediaPlayerEditor (109)
[2015.09.22-02.36.02:978][759]LogModuleManager: Shutting down and abandoning module HTML5Networking (108)
[2015.09.22-02.36.02:978][759]LogModuleManager: Shutting down and abandoning module SpeedTreeImporter (107)
[2015.09.22-02.36.02:978][759]LogModuleManager: Shutting down and abandoning module PluginBrowser (106)
[2015.09.22-02.36.02:986][759]LogModuleManager: Shutting down and abandoning module EpicSurvey (105)
[2015.09.22-02.36.02:986][759]LogModuleManager: Shutting down and abandoning module DesktopPlatform (104)
[2015.09.22-02.36.03:000][759]LogModuleManager: Shutting down and abandoning module VisualStudioSourceCodeAccess (103)
[2015.09.22-02.36.03:000][759]LogModuleManager: Shutting down and abandoning module UObjectPlugin (102)
[2015.09.22-02.36.03:000][759]LogModuleManager: Shutting down and abandoning module SubversionSourceControl (101)
[2015.09.22-02.36.03:010][759]LogModuleManager: Shutting down and abandoning module PerforceSourceControl (100)
[2015.09.22-02.36.03:018][759]LogModuleManager: Shutting down and abandoning module SourceControl (99)
[2015.09.22-02.36.03:018][759]LogModuleManager: Shutting down and abandoning module GitSourceControl (98)
[2015.09.22-02.36.03:024][759]LogModuleManager: Shutting down and abandoning module LightPropagationVolumeEditor (97)
[2015.09.22-02.36.03:024][759]LogModuleManager: Shutting down and abandoning module PaperTiledImporter (96)
[2015.09.22-02.36.03:030][759]LogModuleManager: Shutting down and abandoning module PaperSpriteSheetImporter (95)
[2015.09.22-02.36.03:035][759]LogModuleManager: Shutting down and abandoning module MeshPaint (94)
[2015.09.22-02.36.03:044][759]LogModuleManager: Shutting down and abandoning module SlateReflector (93)
[2015.09.22-02.36.03:057][759]LogModuleManager: Shutting down and abandoning module HotReload (92)
[2015.09.22-02.36.03:070][759]LogModuleManager: Shutting down and abandoning module MainFrame (91)
[2015.09.22-02.36.03:070][759]LogModuleManager: Shutting down and abandoning module LevelEditor (90)
[2015.09.22-02.36.03:080][759]LogModuleManager: Shutting down and abandoning module DirectoryWatcher (89)
[2015.09.22-02.36.03:081][759]LogModuleManager: Shutting down and abandoning module AssetRegistry (88)
[2015.09.22-02.36.03:137][759]LogModuleManager: Shutting down and abandoning module ContentBrowser (87)
[2015.09.22-02.36.03:137][759]LogModuleManager: Shutting down and abandoning module Paper2DEditor (86)
[2015.09.22-02.36.03:168][759]LogModuleManager: Shutting down and abandoning module UdpMessaging (85)
[2015.09.22-02.36.03:269][759]LogModuleManager: Shutting down and abandoning module LightPropagationVolumeRuntime (84)
[2015.09.22-02.36.03:269][759]LogModuleManager: Shutting down and abandoning module Paper2D (83)
[2015.09.22-02.36.03:283][759]LogModuleManager: Shutting down and abandoning module WindowsMoviePlayer (82)
[2015.09.22-02.36.03:297][759]LogModuleManager: Shutting down and abandoning module Media (81)
[2015.09.22-02.36.03:297][759]LogModuleManager: Shutting down and abandoning module WmfMedia (80)
[2015.09.22-02.36.03:297][759]LogModuleManager: Shutting down and abandoning module OnlineBlueprintSupport (79)
[2015.09.22-02.36.03:297][759]LogModuleManager: Shutting down and abandoning module GameplayTasksEditor (78)
[2015.09.22-02.36.03:297][759]LogModuleManager: Shutting down and abandoning module PropertyEditor (77)
[2015.09.22-02.36.03:320][759]LogModuleManager: Shutting down and abandoning module BehaviorTreeEditor (76)
[2015.09.22-02.36.03:411][759]LogModuleManager: Shutting down and abandoning module FunctionalTesting (75)
[2015.09.22-02.36.03:411][759]LogModuleManager: Shutting down and abandoning module CollisionAnalyzer (74)
[2015.09.22-02.36.03:422][759]LogModuleManager: Shutting down and abandoning module WorkspaceMenuStructure (73)
[2015.09.22-02.36.03:422][759]LogModuleManager: Shutting down and abandoning module MessageLog (72)
[2015.09.22-02.36.03:422][759]LogModuleManager: Shutting down and abandoning module Sequencer (71)
[2015.09.22-02.36.03:435][759]LogModuleManager: Shutting down and abandoning module AssetTools (70)
[2015.09.22-02.36.03:466][759]LogModuleManager: Shutting down and abandoning module UMGEditor (69)
[2015.09.22-02.36.03:487][759]LogModuleManager: Shutting down and abandoning module UMG (68)
[2015.09.22-02.36.03:499][759]LogModuleManager: Shutting down and abandoning module Slate (67)
[2015.09.22-02.36.03:499][759]LogModuleManager: Shutting down and abandoning module EditorStyle (66)
[2015.09.22-02.36.03:501][759]LogModuleManager: Shutting down and abandoning module SessionServices (65)
[2015.09.22-02.36.03:501][759]LogModuleManager: Shutting down and abandoning module SourceCodeAccess (64)
[2015.09.22-02.36.03:501][759]LogModuleManager: Shutting down and abandoning module HeadMountedDisplay (63)
[2015.09.22-02.36.03:501][759]LogModuleManager: Shutting down and abandoning module XAudio2 (62)
[2015.09.22-02.36.03:501][759]LogModuleManager: Shutting down and abandoning module Networking (60)
[2015.09.22-02.36.03:501][759]LogModuleManager: Shutting down and abandoning module Core (59)
[2015.09.22-02.36.03:501][759]LogModuleManager: Shutting down and abandoning module KismetCompiler (58)
[2015.09.22-02.36.03:501][759]LogModuleManager: Shutting down and abandoning module PhysXFormats (57)
[2015.09.22-02.36.03:501][759]LogModuleManager: Shutting down and abandoning module MeshUtilities (56)
[2015.09.22-02.36.03:509][759]LogModuleManager: Shutting down and abandoning module CookingStats (55)
[2015.09.22-02.36.03:509][759]LogModuleManager: Shutting down and abandoning module DerivedDataCache (54)
[2015.09.22-02.36.03:634][759]LogDerivedDataCache: Shutdown
[2015.09.22-02.36.03:634][759]LogModuleManager: Shutting down and abandoning module ShaderFormatOpenGL (53)
[2015.09.22-02.36.03:642][759]LogModuleManager: Shutting down and abandoning module ShaderFormatD3D (52)
[2015.09.22-02.36.03:642][759]LogModuleManager: Shutting down and abandoning module MetalShaderFormat (51)
[2015.09.22-02.36.03:654][759]LogModuleManager: Shutting down and abandoning module TextureFormatUncompressed (50)
[2015.09.22-02.36.03:654][759]LogModuleManager: Shutting down and abandoning module TextureFormatPVR (49)
[2015.09.22-02.36.03:654][759]LogModuleManager: Shutting down and abandoning module TextureFormatIntelISPCTexComp (48)
[2015.09.22-02.36.03:654][759]LogModuleManager: Shutting down and abandoning module TextureFormatDXT (47)
[2015.09.22-02.36.03:654][759]LogModuleManager: Shutting down and abandoning module ImageWrapper (46)
[2015.09.22-02.36.03:654][759]LogModuleManager: Shutting down and abandoning module TextureFormatASTC (45)
[2015.09.22-02.36.03:654][759]LogModuleManager: Shutting down and abandoning module TextureFormatAndroid (44)
[2015.09.22-02.36.03:654][759]LogModuleManager: Shutting down and abandoning module AudioFormatOpus (43)
[2015.09.22-02.36.03:671][759]LogModuleManager: Shutting down and abandoning module AudioFormatOgg (42)
[2015.09.22-02.36.03:671][759]LogModuleManager: Shutting down and abandoning module AudioFormatADPCM (41)
[2015.09.22-02.36.03:671][759]LogModuleManager: Shutting down and abandoning module LinuxTargetPlatform (40)
[2015.09.22-02.36.03:671][759]LogModuleManager: Shutting down and abandoning module LinuxServerTargetPlatform (39)
[2015.09.22-02.36.03:688][759]LogModuleManager: Shutting down and abandoning module LinuxNoEditorTargetPlatform (38)
[2015.09.22-02.36.03:699][759]LogModuleManager: Shutting down and abandoning module Messaging (37)
[2015.09.22-02.36.03:699][759]LogModuleManager: Shutting down and abandoning module IOSTargetPlatform (36)
[2015.09.22-02.36.03:699][759]LogModuleManager: Shutting down and abandoning module HTML5TargetPlatform (35)
[2015.09.22-02.36.03:699][759]LogModuleManager: Shutting down and abandoning module Android_PVRTCTargetPlatform (34)
[2015.09.22-02.36.03:707][759]LogModuleManager: Shutting down and abandoning module Android_ETC2TargetPlatform (33)
[2015.09.22-02.36.03:717][759]LogModuleManager: Shutting down and abandoning module Android_ETC1TargetPlatform (32)
[2015.09.22-02.36.03:728][759]LogModuleManager: Shutting down and abandoning module Android_DXTTargetPlatform (31)
[2015.09.22-02.36.03:737][759]LogModuleManager: Shutting down and abandoning module Android_ATCTargetPlatform (30)
[2015.09.22-02.36.03:745][759]LogModuleManager: Shutting down and abandoning module Android_ASTCTargetPlatform (29)
[2015.09.22-02.36.03:753][759]LogModuleManager: Shutting down and abandoning module AndroidTargetPlatform (28)
[2015.09.22-02.36.03:763][759]LogModuleManager: Shutting down and abandoning module WindowsTargetPlatform (27)
[2015.09.22-02.36.03:763][759]LogModuleManager: Shutting down and abandoning module WindowsServerTargetPlatform (26)
[2015.09.22-02.36.03:767][759]LogModuleManager: Shutting down and abandoning module WindowsNoEditorTargetPlatform (25)
[2015.09.22-02.36.03:775][759]LogModuleManager: Shutting down and abandoning module WindowsClientTargetPlatform (24)
[2015.09.22-02.36.03:784][759]LogModuleManager: Shutting down and abandoning module AllDesktopTargetPlatform (23)
[2015.09.22-02.36.03:784][759]LogModuleManager: Shutting down and abandoning module TargetPlatform (22)
[2015.09.22-02.36.03:784][759]LogModuleManager: Shutting down and abandoning module InputCore (21)
[2015.09.22-02.36.03:784][759]LogModuleManager: Shutting down and abandoning module Settings (20)
[2015.09.22-02.36.03:784][759]LogModuleManager: Shutting down and abandoning module OnlineSubsystem (18)
[2015.09.22-02.36.03:784][759]LogModuleManager: Shutting down and abandoning module HTTP (17)
[2015.09.22-02.36.05:787][759]LogModuleManager: Shutting down and abandoning module XMPP (16)
[2015.09.22-02.36.05:802][759]LogModuleManager: Shutting down and abandoning module ExampleDeviceProfileSelector (15)
[2015.09.22-02.36.05:802][759]LogModuleManager: Shutting down and abandoning module TextureCompressor (14)
[2015.09.22-02.36.05:808][759]LogModuleManager: Shutting down and abandoning module ShaderCore (13)
[2015.09.22-02.36.05:808][759]LogModuleManager: Shutting down and abandoning module Landscape (12)
[2015.09.22-02.36.05:808][759]LogModuleManager: Shutting down and abandoning module SlateRHIRenderer (11)
[2015.09.22-02.36.05:822][759]LogModuleManager: Shutting down and abandoning module OpenGLDrv (10)
[2015.09.22-02.36.05:828][759]LogModuleManager: Shutting down and abandoning module D3D11RHI (9)
[2015.09.22-02.36.05:828][759]LogModuleManager: Shutting down and abandoning module AnimGraphRuntime (8)
[2015.09.22-02.36.05:843][759]LogModuleManager: Shutting down and abandoning module Renderer (7)
[2015.09.22-02.36.05:843][759]LogModuleManager: Shutting down and abandoning module Engine (6)
[2015.09.22-02.36.05:843][759]LogModuleManager: Shutting down and abandoning module CoreUObject (5)
[2015.09.22-02.36.05:843][759]LogModuleManager: Shutting down and abandoning module NetworkFile (4)
[2015.09.22-02.36.05:860][759]LogModuleManager: Shutting down and abandoning module StreamingFile (3)
[2015.09.22-02.36.05:860][759]LogModuleManager: Shutting down and abandoning module SandboxFile (2)
[2015.09.22-02.36.05:869][759]LogModuleManager: Shutting down and abandoning module PakFile (1)
[2015.09.22-02.36.05:886][759]LogExit: Exiting.
[2015.09.22-02.36.05:905][759]Log file closed, 09/21/15 22:36:05
